[backblue.gif]
[fade.gif]
[index.html]
[www.lab.westilian.com/westilo-admin/full-width-fluid-layout/images/avatar/Kevinthompson.jpg]
[www.lab.westilian.com/westilo-admin/full-width-fluid-layout/index.html]
[www.lab.westilian.com/westilo-admin/full-width-fluid-layout/boxed-layout.html]
[www.lab.westilian.com/westilo-admin/full-width-fluid-layout/iconic-view.html]
[www.lab.westilian.com/westilo-admin/full-width-fluid-layout/material-style-leftbar.html]
[www.lab.westilian.com/westilo-admin/full-width-fluid-layout/tile-leftbar.html]
[www.lab.westilian.com/westilo-admin/full-width-fluid-layout/with-language-bar.html]
[www.lab.westilian.com/westilo-admin/full-width-fluid-layout/top-user-thumb.html]
[www.lab.westilian.com/westilo-admin/full-width-fluid-layout/tabby-leftbar.html]
[www.lab.westilian.com/westilo-admin/full-width-fluid-layout/notification-rightbar.html]
[www.lab.westilian.com/westilo-admin/full-width-fluid-layout/without-rightbar.html]
[www.lab.westilian.com/westilo-admin/full-width-fluid-layout/activities-rightbar.html]
[www.lab.westilian.com/westilo-admin/full-width-fluid-layout/form-all-elements.html]
[www.lab.westilian.com/westilo-admin/full-width-fluid-layout/form-basic-elements.html]
[www.lab.westilian.com/westilo-admin/full-width-fluid-layout/form-material-elements.html]
[www.lab.westilian.com/westilo-admin/full-width-fluid-layout/form-icons-label.html]
[www.lab.westilian.com/westilo-admin/full-width-fluid-layout/form-clone-element.html]
[www.lab.westilian.com/westilo-admin/full-width-fluid-layout/form-autocomplete.html]
[www.lab.westilian.com/westilo-admin/full-width-fluid-layout/form-currency-format.html]
[www.lab.westilian.com/westilo-admin/full-width-fluid-layout/form-success-state.html]
[www.lab.westilian.com/westilo-admin/full-width-fluid-layout/form-error-state.html]
[www.lab.westilian.com/westilo-admin/full-width-fluid-layout/form-disable-state.html]
[www.lab.westilian.com/westilo-admin/full-width-fluid-layout/form-grid.html]
[www.lab.westilian.com/westilo-admin/full-width-fluid-layout/form-tooltips.html]
[www.lab.westilian.com/westilo-admin/full-width-fluid-layout/tags-input.html]
[www.lab.westilian.com/westilo-admin/full-width-fluid-layout/input-mask.html]
[www.lab.westilian.com/westilo-admin/full-width-fluid-layout/select2.html]
[www.lab.westilian.com/westilo-admin/full-width-fluid-layout/file-styles.html]
[www.lab.westilian.com/westilo-admin/full-width-fluid-layout/spinner.html]
[www.lab.westilian.com/westilo-admin/full-width-fluid-layout/icheck.html]
[www.lab.westilian.com/westilo-admin/full-width-fluid-layout/form-ui-datepicker.html]
[www.lab.westilian.com/westilo-admin/full-width-fluid-layout/form-timepicker.html]
[www.lab.westilian.com/westilo-admin/full-width-fluid-layout/form-spectrum-colorpickers.html]
[www.lab.westilian.com/westilo-admin/full-width-fluid-layout/date-pickers.html]
[www.lab.westilian.com/westilo-admin/full-width-fluid-layout/color-pickers.html]
[www.lab.westilian.com/westilo-admin/full-width-fluid-layout/form-validation.html]
[www.lab.westilian.com/westilo-admin/full-width-fluid-layout/form-booking.html]
[www.lab.westilian.com/westilo-admin/full-width-fluid-layout/form-call-me.html]
[www.lab.westilian.com/westilo-admin/full-width-fluid-layout/form-call-me-captcha.html]
[www.lab.westilian.com/westilo-admin/full-width-fluid-layout/form-checkout.html]
[www.lab.westilian.com/westilo-admin/full-width-fluid-layout/form-order-check-radio.html]
[www.lab.westilian.com/westilo-admin/full-width-fluid-layout/form-order-field.html]
[www.lab.westilian.com/westilo-admin/full-width-fluid-layout/wizard-default-style.html]
[www.lab.westilian.com/westilo-admin/full-width-fluid-layout/wizard-tab-style.html]
[www.lab.westilian.com/westilo-admin/full-width-fluid-layout/wizard-number-style.html]
[www.lab.westilian.com/westilo-admin/full-width-fluid-layout/wizard-checkout.html]
[www.lab.westilian.com/westilo-admin/full-width-fluid-layout/basic-tables.html]
[www.lab.westilian.com/westilo-admin/full-width-fluid-layout/foo-tables.html]
[www.lab.westilian.com/westilo-admin/full-width-fluid-layout/data-tables.html]
[www.lab.westilian.com/westilo-admin/full-width-fluid-layout/exportable-data-tables.html]
[www.lab.westilian.com/westilo-admin/full-width-fluid-layout/chart-flot.html]
[www.lab.westilian.com/westilo-admin/full-width-fluid-layout/chart-sparkline.html]
[www.lab.westilian.com/westilo-admin/full-width-fluid-layout/chart-js.html]
[www.lab.westilian.com/westilo-admin/full-width-fluid-layout/chart-nvd3.html]
[www.lab.westilian.com/westilo-admin/full-width-fluid-layout/header.html]
[www.lab.westilian.com/westilo-admin/full-width-fluid-layout/buttons-icons.html]
[www.lab.westilian.com/westilo-admin/full-width-fluid-layout/noty.html]
[www.lab.westilian.com/westilo-admin/full-width-fluid-layout/bootbox.html]
[www.lab.westilian.com/westilo-admin/full-width-fluid-layout/sweet-alerts.html]
[www.lab.westilian.com/westilo-admin/full-width-fluid-layout/no-ui-slider.html]
[www.lab.westilian.com/westilo-admin/full-width-fluid-layout/on-off-switch.html]
[www.lab.westilian.com/westilo-admin/full-width-fluid-layout/ui-widgets.html]
[www.lab.westilian.com/westilo-admin/full-width-fluid-layout/calendar.html]
[www.lab.westilian.com/westilo-admin/full-width-fluid-layout/typography.html]
[www.lab.westilian.com/westilo-admin/full-width-fluid-layout/grid.html]
[www.lab.westilian.com/westilo-admin/full-width-fluid-layout/login.html]
[www.lab.westilian.com/westilo-admin/full-width-fluid-layout/login-social.html]
[www.lab.westilian.com/westilo-admin/full-width-fluid-layout/404-error.html]
[www.lab.westilian.com/westilo-admin/full-width-fluid-layout/php/captcha/captcha-image.html]
[www.lab.westilian.com/westilo-admin/full-width-fluid-layout/login-boxed.html]
[fonts.googleapis.com/cssc033.css]
[www.lab.westilian.com/westilo-admin/full-width-fluid-layout/fonts/fontawesome-webfonte0a5.eot]
[www.lab.westilian.com/westilo-admin/full-width-fluid-layout/fonts/fontawesome-webfontd41d.eot]
[www.lab.westilian.com/westilo-admin/full-width-fluid-layout/fonts/fontawesome-webfonte0a5.woff2]
[www.lab.westilian.com/westilo-admin/full-width-fluid-layout/images/logo.html]
[www.lab.westilian.com/westilo-admin/full-width-fluid-layout/fonts/fontawesome-webfonte0a5.woff]
[www.lab.westilian.com/westilo-admin/full-width-fluid-layout/images/avatar/robertoortiz.html]
[www.lab.westilian.com/westilo-admin/full-width-fluid-layout/fonts/fontawesome-webfonte0a5.ttf]
[www.lab.westilian.com/westilo-admin/full-width-fluid-layout/images/avatar/michael-owens.html]
[www.lab.westilian.com/westilo-admin/full-width-fluid-layout/css/font-awesome.css]
[www.lab.westilian.com/westilo-admin/full-width-fluid-layout/images/avatar/bobbyjkane.html]
[www.lab.westilian.com/westilo-admin/full-width-fluid-layout/images/avatar/coreyweb.html]
[www.lab.westilian.com/westilo-admin/full-width-fluid-layout/fonts/Material-Design-Iconic-Fontf066.woff]
[www.lab.westilian.com/westilo-admin/full-width-fluid-layout/images/avatar/jaman_01.html]
[www.lab.westilian.com/westilo-admin/full-width-fluid-layout/images/img-1-thumb.html]
[www.lab.westilian.com/westilo-admin/full-width-fluid-layout/images/img-2-thumb.html]
[www.lab.westilian.com/westilo-admin/full-width-fluid-layout/images/img-3-thumb.html]
[www.lab.westilian.com/westilo-admin/full-width-fluid-layout/images/img-4-thumb.html]
[www.lab.westilian.com/westilo-admin/full-width-fluid-layout/images/img-5-thumb.html]
[www.lab.westilian.com/westilo-admin/full-width-fluid-layout/fonts/Material-Design-Iconic-Fontf066.ttf]
[www.lab.westilian.com/westilo-admin/full-width-fluid-layout/images/img-6-thumb.html]
[www.lab.westilian.com/westilo-admin/full-width-fluid-layout/images/avatar/oykun.html]
[www.lab.westilian.com/westilo-admin/full-width-fluid-layout/css/material-design-iconic-font.css]
[www.lab.westilian.com/westilo-admin/full-width-fluid-layout/images/avatar/mds.html]
[www.lab.westilian.com/westilo-admin/full-width-fluid-layout/images/avatar/kurafire.html]
[www.lab.westilian.com/westilo-admin/full-width-fluid-layout/images/avatar/mikeluby.html]
[www.lab.westilian.com/westilo-admin/full-width-fluid-layout/css/bootstrap.css]
[www.lab.westilian.com/westilo-admin/full-width-fluid-layout/images/avatar/amarkdalen.html]
[www.lab.westilian.com/westilo-admin/full-width-fluid-layout/css/animate.css]
[www.lab.westilian.com/westilo-admin/full-width-fluid-layout/images/avatar/mko.html]
[www.lab.westilian.com/westilo-admin/full-width-fluid-layout/images/avatar/joostvanderree.html]
[www.lab.westilian.com/westilo-admin/full-width-fluid-layout/css/layout.css]
[www.lab.westilian.com/westilo-admin/full-width-fluid-layout/js/lib/jquery.js]
[www.lab.westilian.com/westilo-admin/full-width-fluid-layout/images/avatar/kevinthompson-2.html]
[www.lab.westilian.com/westilo-admin/full-width-fluid-layout/js/lib/bootstrap.js]
[www.lab.westilian.com/westilo-admin/full-width-fluid-layout/js/lib/jquery-migrate.html]
[www.lab.westilian.com/westilo-admin/full-width-fluid-layout/js/lib/jquery.ui.js]
[www.lab.westilian.com/westilo-admin/full-width-fluid-layout/js/lib/jRespond.html]
[www.lab.westilian.com/westilo-admin/full-width-fluid-layout/js/lib/nav.accordion.html]
[www.lab.westilian.com/westilo-admin/full-width-fluid-layout/js/lib/hover.intent.html]
[www.lab.westilian.com/westilo-admin/full-width-fluid-layout/js/lib/hammerjs.js]
[www.lab.westilian.com/westilo-admin/full-width-fluid-layout/js/lib/jquery.hammer.html]
[www.lab.westilian.com/westilo-admin/full-width-fluid-layout/js/lib/jquery.fitvids.html]
[www.lab.westilian.com/westilo-admin/full-width-fluid-layout/js/lib/scrollup.html]
[www.lab.westilian.com/westilo-admin/full-width-fluid-layout/js/lib/smoothscroll.html]
[www.lab.westilian.com/westilo-admin/full-width-fluid-layout/css/components.css]
[www.lab.westilian.com/westilo-admin/full-width-fluid-layout/css/widgets.css]
[www.lab.westilian.com/westilo-admin/full-width-fluid-layout/js/lib/jquery-jvectormap.js]
[www.lab.westilian.com/westilo-admin/full-width-fluid-layout/css/plugins.css]
[www.lab.westilian.com/westilo-admin/full-width-fluid-layout/js/lib/velocity.js]
[www.lab.westilian.com/westilo-admin/full-width-fluid-layout/js/lib/jquery.slimscroll.html]
[www.lab.westilian.com/westilo-admin/full-width-fluid-layout/js/lib/jquery.syntaxhighlighter.html]
[www.lab.westilian.com/westilo-admin/full-width-fluid-layout/css/pages.css]
[www.lab.westilian.com/westilo-admin/full-width-fluid-layout/css/bootstrap-extend.css]
[www.lab.westilian.com/westilo-admin/full-width-fluid-layout/css/common.css]
[www.lab.westilian.com/westilo-admin/full-width-fluid-layout/js/lib/jquery-jvectormap-world-mill.js]
[www.lab.westilian.com/westilo-admin/full-width-fluid-layout/js/lib/jquery-jvectormap-us-aea.js]
[www.lab.westilian.com/westilo-admin/full-width-fluid-layout/css/responsive.css]
[www.lab.westilian.com/westilo-admin/full-width-fluid-layout/js/lib/smart-resize.html]
[www.lab.westilian.com/westilo-admin/full-width-fluid-layout/js/lib/icheck.html]
[www.lab.westilian.com/westilo-admin/full-width-fluid-layout/js/lib/chart/sparkline/jquery.sparkline.js]
[www.lab.westilian.com/westilo-admin/full-width-fluid-layout/js/lib/jquery.switch.button.html]
[www.lab.westilian.com/westilo-admin/full-width-fluid-layout/boxed-layout.html]
[www.lab.westilian.com/westilo-admin/full-width-fluid-layout/images/avatar/Kevinthompson.html]
[www.lab.westilian.com/westilo-admin/full-width-fluid-layout/js/lib/chart/easypie/jquery.easypiechart.min.html]
[www.lab.westilian.com/westilo-admin/full-width-fluid-layout/js/lib/chart/flot/excanvas.min.html]
[www.lab.westilian.com/westilo-admin/full-width-fluid-layout/js/lib/chart/flot/jquery.flot.min.html]
[www.lab.westilian.com/westilo-admin/full-width-fluid-layout/js/lib/chart/flot/curvedLines.html]
[www.lab.westilian.com/westilo-admin/full-width-fluid-layout/js/lib/chart/flot/jquery.flot.time.min.html]
[www.lab.westilian.com/westilo-admin/full-width-fluid-layout/js/lib/chart/flot/jquery.flot.stack.min.html]
[www.lab.westilian.com/westilo-admin/full-width-fluid-layout/js/lib/chart/flot/jquery.flot.axislabels.html]
[www.lab.westilian.com/westilo-admin/full-width-fluid-layout/js/lib/chart/flot/jquery.flot.resize.min.html]
[www.lab.westilian.com/westilo-admin/full-width-fluid-layout/js/lib/chart/flot/jquery.flot.tooltip.min.html]
[www.lab.westilian.com/westilo-admin/full-width-fluid-layout/js/lib/chart/flot/jquery.flot.spline.html]
[www.lab.westilian.com/westilo-admin/full-width-fluid-layout/js/lib/chart/flot/jquery.flot.pie.min.html]
[www.lab.westilian.com/westilo-admin/full-width-fluid-layout/js/lib/jquery.maskedinput.html]
[www.lab.westilian.com/westilo-admin/full-width-fluid-layout/js/lib/jquery.validate.html]
[www.lab.westilian.com/westilo-admin/full-width-fluid-layout/js/lib/j-forms.html]
[www.lab.westilian.com/westilo-admin/full-width-fluid-layout/js/lib/jquery.form.html]
[www.lab.westilian.com/westilo-admin/full-width-fluid-layout/js/lib/jquery.loadmask.html]
[www.lab.westilian.com/westilo-admin/full-width-fluid-layout/js/apps.js]
[www.lab.westilian.com/westilo-admin/full-width-fluid-layout/js/lib/vmap.init.html]
[www.lab.westilian.com/westilo-admin/full-width-fluid-layout/js/lib/theme-switcher.html]
[www.lab.westilian.com/westilo-admin/full-width-fluid-layout/js/lib/select2.full.js]
[www.lab.westilian.com/westilo-admin/full-width-fluid-layout/js/lib/additional-methods.html]
[www.lab.westilian.com/westilo-admin/full-width-fluid-layout/js/lib/autoNumeric.js]
[www.lab.westilian.com/westilo-admin/full-width-fluid-layout/images/name.html]
[www.lab.westilian.com/westilo-admin/full-width-fluid-layout/js/lib/jquery-cloneya.html]
[www.lab.westilian.com/westilo-admin/full-width-fluid-layout/images/number.html]
[www.lab.westilian.com/westilo-admin/full-width-fluid-layout/images/cvv.html]
[www.lab.westilian.com/westilo-admin/full-width-fluid-layout/images/month.html]
[www.lab.westilian.com/westilo-admin/full-width-fluid-layout/images/year.html]
[www.lab.westilian.com/westilo-admin/full-width-fluid-layout/js/lib/jquery.tagsinput.html]
[www.lab.westilian.com/westilo-admin/full-width-fluid-layout/js/lib/jquery.mask.html]
[www.lab.westilian.com/westilo-admin/full-width-fluid-layout/js/lib/jquery.bootstrap-touchspin.html]
[www.lab.westilian.com/westilo-admin/full-width-fluid-layout/js/lib/bootstrap-filestyle.html]
[www.lab.westilian.com/westilo-admin/full-width-fluid-layout/js/lib/selectize.js]
[www.lab.westilian.com/westilo-admin/full-width-fluid-layout/js/lib/jquery.ui.touch-punch.html]
[www.lab.westilian.com/westilo-admin/full-width-fluid-layout/js/lib/jquery.ui.timepicker.html]
[www.lab.westilian.com/westilo-admin/full-width-fluid-layout/js/lib/jquery.spectrum.html]
[www.lab.westilian.com/westilo-admin/full-width-fluid-layout/js/lib/bootstrap-datepicker.html]
[www.lab.westilian.com/westilo-admin/full-width-fluid-layout/js/lib/moment.js]
[www.lab.westilian.com/westilo-admin/full-width-fluid-layout/js/lib/daterangepicker.html]
[www.lab.westilian.com/westilo-admin/full-width-fluid-layout/js/lib/colorpicker.html]
[www.lab.westilian.com/westilo-admin/full-width-fluid-layout/js/lib/colors.html]
[www.lab.westilian.com/westilo-admin/full-width-fluid-layout/js/lib/jqColorPicker.html]
[www.lab.westilian.com/westilo-admin/full-width-fluid-layout/js/lib/jquery.stepper.html]
[www.lab.westilian.com/westilo-admin/full-width-fluid-layout/js/lib/j-forms-validations.html]
[www.lab.westilian.com/westilo-admin/full-width-fluid-layout/js/lib/j-forms-order.html]
[www.lab.westilian.com/westilo-admin/full-width-fluid-layout/js/lib/j-forms-order-quantity.html]
[www.lab.westilian.com/westilo-admin/full-width-fluid-layout/js/lib/checkout-wizard.html]
[www.lab.westilian.com/westilo-admin/full-width-fluid-layout/js/lib/footable.all.html]
[www.lab.westilian.com/westilo-admin/full-width-fluid-layout/js/lib/tableExport.html]
[www.lab.westilian.com/westilo-admin/full-width-fluid-layout/js/lib/jquery.base64.html]
[www.lab.westilian.com/westilo-admin/full-width-fluid-layout/js/lib/sprintf.html]
[www.lab.westilian.com/westilo-admin/full-width-fluid-layout/js/lib/jquery.dataTables.js]
[www.lab.westilian.com/westilo-admin/full-width-fluid-layout/js/lib/jspdf.html]
[www.lab.westilian.com/westilo-admin/full-width-fluid-layout/js/lib/base64.html]
[www.lab.westilian.com/westilo-admin/full-width-fluid-layout/js/lib/dataTables.responsive.html]
[www.lab.westilian.com/westilo-admin/full-width-fluid-layout/js/lib/dataTables.tableTools.js]
[www.lab.westilian.com/westilo-admin/full-width-fluid-layout/js/lib/dataTables.bootstrap.html]
[www.lab.westilian.com/westilo-admin/full-width-fluid-layout/js/lib/chart/flot/jquery.flot.symbol.min.html]
[www.lab.westilian.com/westilo-admin/full-width-fluid-layout/js/lib/chart/chart-js/chart.js]
[www.lab.westilian.com/westilo-admin/full-width-fluid-layout/js/lib/charts.init.html]
[www.lab.westilian.com/westilo-admin/full-width-fluid-layout/js/lib/chart/chart-js/chart.stackedbar.html]
[www.lab.westilian.com/westilo-admin/full-width-fluid-layout/js/lib/chart.js.init.html]
[www.lab.westilian.com/westilo-admin/full-width-fluid-layout/js/lib/chart/nvd3/d3.js]
[www.lab.westilian.com/westilo-admin/full-width-fluid-layout/js/lib/chart/nvd3/nv.d3.js]
[www.lab.westilian.com/westilo-admin/full-width-fluid-layout/js/lib/stream-layers.html]
[www.lab.westilian.com/westilo-admin/full-width-fluid-layout/js/lib/nv.d3.init.html]
[www.lab.westilian.com/westilo-admin/full-width-fluid-layout/js/lib/jquery.noty.html]
[www.lab.westilian.com/westilo-admin/full-width-fluid-layout/js/lib/bootbox.html]
[www.lab.westilian.com/westilo-admin/full-width-fluid-layout/js/lib/sweetalert.js]
[www.lab.westilian.com/westilo-admin/full-width-fluid-layout/js/lib/jquery.nouislider.html]
[www.lab.westilian.com/westilo-admin/full-width-fluid-layout/js/lib/switchery.html]
[www.lab.westilian.com/westilo-admin/full-width-fluid-layout/js/lib/fullcalendar.js]
[www.lab.westilian.com/westilo-admin/full-width-fluid-layout/js/lib/jquery.simpleWeather.html]
[www.lab.westilian.com/westilo-admin/full-width-fluid-layout/fonts/fontawesome-webfonte0a5.eot]
[www.lab.westilian.com/westilo-admin/full-width-fluid-layout/images/logo-dark.html]
[www.lab.westilian.com/westilo-admin/full-width-fluid-layout/js/lib/login-validation.html]
[www.lab.westilian.com/westilo-admin/full-width-fluid-layout/fonts/fontawesome-webfontd41d.eot]
[www.lab.westilian.com/westilo-admin/full-width-fluid-layout/fonts/Material-Design-Iconic-Fontf066.ttf]
[www.lab.westilian.com/westilo-admin/full-width-fluid-layout/fonts/glyphicons-halflings-regular.html]
[www.lab.westilian.com/westilo-admin/full-width-fluid-layout/fonts/fontawesome-webfonte0a5.svg]
[www.lab.westilian.com/westilo-admin/full-width-fluid-layout/fonts/Material-Design-Iconic-Fontf066.woff]
[www.lab.westilian.com/westilo-admin/full-width-fluid-layout/fonts/glyphicons-halflings-regulard41d.html]
[www.lab.westilian.com/westilo-admin/full-width-fluid-layout/fonts/glyphicons-halflings-regular-2.html]
[www.lab.westilian.com/westilo-admin/full-width-fluid-layout/fonts/glyphicons-halflings-regular-3.html]
[www.lab.westilian.com/westilo-admin/full-width-fluid-layout/fonts/glyphicons-halflings-regular-4.html]
[www.lab.westilian.com/westilo-admin/full-width-fluid-layout/images/header-bg.html]
[www.lab.westilian.com/westilo-admin/full-width-fluid-layout/fonts/glyphicons-halflings-regular.svg]
[www.lab.westilian.com/westilo-admin/full-width-fluid-layout/images/flags/4x3/ad.svg]
[www.lab.westilian.com/westilo-admin/full-width-fluid-layout/images/flags/1x1/ad.svg]
[www.lab.westilian.com/westilo-admin/full-width-fluid-layout/images/flags/4x3/ae.svg]
[www.lab.westilian.com/westilo-admin/full-width-fluid-layout/images/flags/1x1/af.svg]
[www.lab.westilian.com/westilo-admin/full-width-fluid-layout/images/flags/4x3/ag.svg]
[www.lab.westilian.com/westilo-admin/full-width-fluid-layout/images/flags/1x1/ag.svg]
[www.lab.westilian.com/westilo-admin/full-width-fluid-layout/images/flags/4x3/ai.svg]
[www.lab.westilian.com/westilo-admin/full-width-fluid-layout/images/flags/1x1/ai.svg]
[www.lab.westilian.com/westilo-admin/full-width-fluid-layout/images/flags/4x3/al.svg]
[www.lab.westilian.com/westilo-admin/full-width-fluid-layout/images/flags/1x1/al.svg]
[www.lab.westilian.com/westilo-admin/full-width-fluid-layout/images/flags/4x3/am.svg]
[www.lab.westilian.com/westilo-admin/full-width-fluid-layout/images/flags/1x1/am.svg]
[www.lab.westilian.com/westilo-admin/full-width-fluid-layout/images/flags/4x3/ao.svg]
[www.lab.westilian.com/westilo-admin/full-width-fluid-layout/images/flags/1x1/ao.svg]
[www.lab.westilian.com/westilo-admin/full-width-fluid-layout/images/flags/4x3/aq.svg]
[www.lab.westilian.com/westilo-admin/full-width-fluid-layout/images/flags/1x1/aq.svg]
[www.lab.westilian.com/westilo-admin/full-width-fluid-layout/images/flags/4x3/ar.svg]
[www.lab.westilian.com/westilo-admin/full-width-fluid-layout/images/flags/1x1/ar.svg]
[www.lab.westilian.com/westilo-admin/full-width-fluid-layout/images/flags/4x3/as.svg]
[www.lab.westilian.com/westilo-admin/full-width-fluid-layout/images/flags/1x1/as.svg]
[www.lab.westilian.com/westilo-admin/full-width-fluid-layout/images/flags/4x3/at.svg]
[www.lab.westilian.com/westilo-admin/full-width-fluid-layout/images/flags/1x1/at.svg]
[www.lab.westilian.com/westilo-admin/full-width-fluid-layout/images/flags/4x3/au.svg]
[www.lab.westilian.com/westilo-admin/full-width-fluid-layout/images/flags/1x1/au.svg]
[www.lab.westilian.com/westilo-admin/full-width-fluid-layout/images/flags/4x3/aw.svg]
[www.lab.westilian.com/westilo-admin/full-width-fluid-layout/images/flags/1x1/aw.svg]
[www.lab.westilian.com/westilo-admin/full-width-fluid-layout/images/flags/4x3/ax.svg]
[www.lab.westilian.com/westilo-admin/full-width-fluid-layout/images/flags/1x1/ax.svg]
[www.lab.westilian.com/westilo-admin/full-width-fluid-layout/images/flags/4x3/az.svg]
[www.lab.westilian.com/westilo-admin/full-width-fluid-layout/images/flags/1x1/az.svg]
[www.lab.westilian.com/westilo-admin/full-width-fluid-layout/images/flags/4x3/ba.svg]
[www.lab.westilian.com/westilo-admin/full-width-fluid-layout/images/flags/1x1/ba.svg]
[www.lab.westilian.com/westilo-admin/full-width-fluid-layout/images/flags/4x3/bb.svg]
[www.lab.westilian.com/westilo-admin/full-width-fluid-layout/images/flags/1x1/bb.svg]
[www.lab.westilian.com/westilo-admin/full-width-fluid-layout/images/flags/4x3/bd.svg]
[www.lab.westilian.com/westilo-admin/full-width-fluid-layout/images/flags/1x1/bd.svg]
[www.lab.westilian.com/westilo-admin/full-width-fluid-layout/images/flags/4x3/be.svg]
[www.lab.westilian.com/westilo-admin/full-width-fluid-layout/images/flags/1x1/be.svg]
[www.lab.westilian.com/westilo-admin/full-width-fluid-layout/images/flags/4x3/bf.svg]
[www.lab.westilian.com/westilo-admin/full-width-fluid-layout/images/flags/1x1/bf.svg]
[www.lab.westilian.com/westilo-admin/full-width-fluid-layout/images/flags/4x3/bg.svg]
[www.lab.westilian.com/westilo-admin/full-width-fluid-layout/images/flags/1x1/bg.svg]
[www.lab.westilian.com/westilo-admin/full-width-fluid-layout/images/flags/4x3/bh.svg]
[www.lab.westilian.com/westilo-admin/full-width-fluid-layout/images/flags/1x1/bh.svg]
[www.lab.westilian.com/westilo-admin/full-width-fluid-layout/images/flags/4x3/bi.svg]
[www.lab.westilian.com/westilo-admin/full-width-fluid-layout/images/flags/1x1/bi.svg]
[www.lab.westilian.com/westilo-admin/full-width-fluid-layout/images/flags/4x3/bj.svg]
[www.lab.westilian.com/westilo-admin/full-width-fluid-layout/images/flags/1x1/bj.svg]
[www.lab.westilian.com/westilo-admin/full-width-fluid-layout/images/flags/4x3/bl.svg]
[www.lab.westilian.com/westilo-admin/full-width-fluid-layout/images/flags/1x1/bl.svg]
[www.lab.westilian.com/westilo-admin/full-width-fluid-layout/images/flags/4x3/bm.svg]
[www.lab.westilian.com/westilo-admin/full-width-fluid-layout/images/flags/1x1/bm.svg]
[www.lab.westilian.com/westilo-admin/full-width-fluid-layout/images/flags/4x3/bn.svg]
[www.lab.westilian.com/westilo-admin/full-width-fluid-layout/images/flags/1x1/bn.svg]
[www.lab.westilian.com/westilo-admin/full-width-fluid-layout/images/flags/4x3/bo.svg]
[www.lab.westilian.com/westilo-admin/full-width-fluid-layout/images/flags/1x1/bo.svg]
[www.lab.westilian.com/westilo-admin/full-width-fluid-layout/images/flags/4x3/bq.svg]
[www.lab.westilian.com/westilo-admin/full-width-fluid-layout/images/flags/1x1/bq.svg]
[www.lab.westilian.com/westilo-admin/full-width-fluid-layout/images/flags/4x3/br.svg]
[www.lab.westilian.com/westilo-admin/full-width-fluid-layout/images/flags/1x1/br.svg]
[www.lab.westilian.com/westilo-admin/full-width-fluid-layout/images/flags/4x3/bs.svg]
[www.lab.westilian.com/westilo-admin/full-width-fluid-layout/images/flags/1x1/bs.svg]
[www.lab.westilian.com/westilo-admin/full-width-fluid-layout/images/flags/4x3/bt.svg]
[www.lab.westilian.com/westilo-admin/full-width-fluid-layout/images/flags/1x1/bt.svg]
[www.lab.westilian.com/westilo-admin/full-width-fluid-layout/images/flags/4x3/bv.svg]
[www.lab.westilian.com/westilo-admin/full-width-fluid-layout/images/flags/1x1/bv.svg]
[www.lab.westilian.com/westilo-admin/full-width-fluid-layout/images/flags/4x3/bw.svg]
[www.lab.westilian.com/westilo-admin/full-width-fluid-layout/images/flags/1x1/bw.svg]
[www.lab.westilian.com/westilo-admin/full-width-fluid-layout/images/flags/4x3/by.svg]
[www.lab.westilian.com/westilo-admin/full-width-fluid-layout/images/flags/1x1/by.svg]
[www.lab.westilian.com/westilo-admin/full-width-fluid-layout/images/flags/4x3/bz.svg]
[www.lab.westilian.com/westilo-admin/full-width-fluid-layout/images/flags/1x1/bz.svg]
[www.lab.westilian.com/westilo-admin/full-width-fluid-layout/images/flags/4x3/ca.svg]
[www.lab.westilian.com/westilo-admin/full-width-fluid-layout/images/flags/1x1/ca.svg]
[www.lab.westilian.com/westilo-admin/full-width-fluid-layout/images/flags/4x3/cc.svg]
[www.lab.westilian.com/westilo-admin/full-width-fluid-layout/images/flags/1x1/cc.svg]
[www.lab.westilian.com/westilo-admin/full-width-fluid-layout/images/flags/4x3/cd.svg]
[www.lab.westilian.com/westilo-admin/full-width-fluid-layout/images/flags/1x1/cd.svg]
[www.lab.westilian.com/westilo-admin/full-width-fluid-layout/images/flags/4x3/cf.svg]
[www.lab.westilian.com/westilo-admin/full-width-fluid-layout/images/flags/1x1/cf.svg]
[www.lab.westilian.com/westilo-admin/full-width-fluid-layout/images/flags/4x3/cg.svg]
[www.lab.westilian.com/westilo-admin/full-width-fluid-layout/images/flags/1x1/cg.svg]
[www.lab.westilian.com/westilo-admin/full-width-fluid-layout/images/flags/4x3/ch.svg]
[www.lab.westilian.com/westilo-admin/full-width-fluid-layout/images/flags/1x1/ch.svg]
[www.lab.westilian.com/westilo-admin/full-width-fluid-layout/images/flags/4x3/ci.svg]
[www.lab.westilian.com/westilo-admin/full-width-fluid-layout/images/flags/1x1/ci.svg]
[www.lab.westilian.com/westilo-admin/full-width-fluid-layout/images/flags/4x3/ck.svg]
[www.lab.westilian.com/westilo-admin/full-width-fluid-layout/images/flags/1x1/ck.svg]
[www.lab.westilian.com/westilo-admin/full-width-fluid-layout/images/flags/4x3/cl.svg]
[www.lab.westilian.com/westilo-admin/full-width-fluid-layout/images/flags/1x1/cl.svg]
[www.lab.westilian.com/westilo-admin/full-width-fluid-layout/images/flags/4x3/cm.svg]
[www.lab.westilian.com/westilo-admin/full-width-fluid-layout/images/flags/1x1/cm.svg]
[www.lab.westilian.com/westilo-admin/full-width-fluid-layout/images/flags/4x3/cn.svg]
[www.lab.westilian.com/westilo-admin/full-width-fluid-layout/images/flags/1x1/cn.svg]
[www.lab.westilian.com/westilo-admin/full-width-fluid-layout/images/flags/4x3/co.svg]
[www.lab.westilian.com/westilo-admin/full-width-fluid-layout/images/flags/1x1/co.svg]
[www.lab.westilian.com/westilo-admin/full-width-fluid-layout/images/flags/4x3/cr.svg]
[www.lab.westilian.com/westilo-admin/full-width-fluid-layout/images/flags/1x1/cr.svg]
[www.lab.westilian.com/westilo-admin/full-width-fluid-layout/images/flags/4x3/cu.svg]
[www.lab.westilian.com/westilo-admin/full-width-fluid-layout/images/flags/1x1/cu.svg]
[www.lab.westilian.com/westilo-admin/full-width-fluid-layout/images/flags/4x3/cv.svg]
[www.lab.westilian.com/westilo-admin/full-width-fluid-layout/images/flags/1x1/cv.svg]
[www.lab.westilian.com/westilo-admin/full-width-fluid-layout/images/flags/4x3/cw.svg]
[www.lab.westilian.com/westilo-admin/full-width-fluid-layout/images/flags/1x1/cw.svg]
[www.lab.westilian.com/westilo-admin/full-width-fluid-layout/images/flags/4x3/cx.svg]
[www.lab.westilian.com/westilo-admin/full-width-fluid-layout/images/flags/1x1/cx.svg]
[www.lab.westilian.com/westilo-admin/full-width-fluid-layout/images/flags/4x3/cy.svg]
[www.lab.westilian.com/westilo-admin/full-width-fluid-layout/images/flags/1x1/cy.svg]
[www.lab.westilian.com/westilo-admin/full-width-fluid-layout/images/flags/4x3/cz.svg]
[www.lab.westilian.com/westilo-admin/full-width-fluid-layout/images/flags/1x1/cz.svg]
[www.lab.westilian.com/westilo-admin/full-width-fluid-layout/images/flags/4x3/de.svg]
[www.lab.westilian.com/westilo-admin/full-width-fluid-layout/images/flags/1x1/de.svg]
[www.lab.westilian.com/westilo-admin/full-width-fluid-layout/images/flags/4x3/dj.svg]
[www.lab.westilian.com/westilo-admin/full-width-fluid-layout/images/flags/1x1/dj.svg]
[www.lab.westilian.com/westilo-admin/full-width-fluid-layout/images/flags/4x3/dk.svg]
[www.lab.westilian.com/westilo-admin/full-width-fluid-layout/images/flags/1x1/dk.svg]
[www.lab.westilian.com/westilo-admin/full-width-fluid-layout/images/flags/4x3/dm.svg]
[www.lab.westilian.com/westilo-admin/full-width-fluid-layout/images/flags/1x1/dm.svg]
[www.lab.westilian.com/westilo-admin/full-width-fluid-layout/images/flags/4x3/do.svg]
[www.lab.westilian.com/westilo-admin/full-width-fluid-layout/images/flags/1x1/do.svg]
[www.lab.westilian.com/westilo-admin/full-width-fluid-layout/images/flags/4x3/dz.svg]
[www.lab.westilian.com/westilo-admin/full-width-fluid-layout/images/flags/1x1/dz.svg]
[www.lab.westilian.com/westilo-admin/full-width-fluid-layout/images/flags/4x3/ec.svg]
[www.lab.westilian.com/westilo-admin/full-width-fluid-layout/images/flags/1x1/ec.svg]
[www.lab.westilian.com/westilo-admin/full-width-fluid-layout/images/flags/4x3/ee.svg]
[www.lab.westilian.com/westilo-admin/full-width-fluid-layout/images/flags/1x1/ee.svg]
[www.lab.westilian.com/westilo-admin/full-width-fluid-layout/images/flags/4x3/eg.svg]
[www.lab.westilian.com/westilo-admin/full-width-fluid-layout/images/flags/1x1/eg.svg]
[www.lab.westilian.com/westilo-admin/full-width-fluid-layout/images/flags/4x3/eh.svg]
[www.lab.westilian.com/westilo-admin/full-width-fluid-layout/images/flags/1x1/eh.svg]
[www.lab.westilian.com/westilo-admin/full-width-fluid-layout/images/flags/4x3/er.svg]
[www.lab.westilian.com/westilo-admin/full-width-fluid-layout/images/flags/1x1/er.svg]
[www.lab.westilian.com/westilo-admin/full-width-fluid-layout/images/flags/4x3/es.svg]
[www.lab.westilian.com/westilo-admin/full-width-fluid-layout/images/flags/1x1/es.svg]
[www.lab.westilian.com/westilo-admin/full-width-fluid-layout/images/flags/4x3/et.svg]
[www.lab.westilian.com/westilo-admin/full-width-fluid-layout/images/flags/1x1/et.svg]
[www.lab.westilian.com/westilo-admin/full-width-fluid-layout/images/flags/4x3/fi.svg]
[www.lab.westilian.com/westilo-admin/full-width-fluid-layout/images/flags/1x1/fi.svg]
[www.lab.westilian.com/westilo-admin/full-width-fluid-layout/images/flags/4x3/fj.svg]
[www.lab.westilian.com/westilo-admin/full-width-fluid-layout/images/flags/1x1/fj.svg]
[www.lab.westilian.com/westilo-admin/full-width-fluid-layout/images/flags/4x3/fk.svg]
[www.lab.westilian.com/westilo-admin/full-width-fluid-layout/images/flags/1x1/fk.svg]
[www.lab.westilian.com/westilo-admin/full-width-fluid-layout/images/flags/4x3/fm.svg]
[www.lab.westilian.com/westilo-admin/full-width-fluid-layout/images/flags/1x1/fm.svg]
[www.lab.westilian.com/westilo-admin/full-width-fluid-layout/images/flags/4x3/fo.svg]
[www.lab.westilian.com/westilo-admin/full-width-fluid-layout/images/flags/1x1/fo.svg]
[www.lab.westilian.com/westilo-admin/full-width-fluid-layout/images/flags/4x3/fr.svg]
[www.lab.westilian.com/westilo-admin/full-width-fluid-layout/images/flags/1x1/fr.svg]
[www.lab.westilian.com/westilo-admin/full-width-fluid-layout/images/flags/4x3/ga.svg]
[www.lab.westilian.com/westilo-admin/full-width-fluid-layout/images/flags/1x1/ga.svg]
[www.lab.westilian.com/westilo-admin/full-width-fluid-layout/images/flags/4x3/gb.svg]
[www.lab.westilian.com/westilo-admin/full-width-fluid-layout/images/flags/1x1/gb.svg]
[www.lab.westilian.com/westilo-admin/full-width-fluid-layout/images/flags/4x3/gd.svg]
[www.lab.westilian.com/westilo-admin/full-width-fluid-layout/images/flags/1x1/gd.svg]
[www.lab.westilian.com/westilo-admin/full-width-fluid-layout/images/flags/4x3/ge.svg]
[www.lab.westilian.com/westilo-admin/full-width-fluid-layout/images/flags/1x1/ge.svg]
[www.lab.westilian.com/westilo-admin/full-width-fluid-layout/images/flags/4x3/gf.svg]
[www.lab.westilian.com/westilo-admin/full-width-fluid-layout/images/flags/1x1/gf.svg]
[www.lab.westilian.com/westilo-admin/full-width-fluid-layout/images/flags/4x3/gg.svg]
[www.lab.westilian.com/westilo-admin/full-width-fluid-layout/images/flags/1x1/gg.svg]
[www.lab.westilian.com/westilo-admin/full-width-fluid-layout/images/flags/4x3/gh.svg]
[www.lab.westilian.com/westilo-admin/full-width-fluid-layout/images/flags/1x1/gh.svg]
[www.lab.westilian.com/westilo-admin/full-width-fluid-layout/images/flags/4x3/gi.svg]
[www.lab.westilian.com/westilo-admin/full-width-fluid-layout/images/flags/1x1/gi.svg]
[www.lab.westilian.com/westilo-admin/full-width-fluid-layout/images/flags/4x3/gl.svg]
[www.lab.westilian.com/westilo-admin/full-width-fluid-layout/images/flags/1x1/gl.svg]
[www.lab.westilian.com/westilo-admin/full-width-fluid-layout/images/flags/4x3/gm.svg]
[www.lab.westilian.com/westilo-admin/full-width-fluid-layout/images/flags/1x1/gm.svg]
[www.lab.westilian.com/westilo-admin/full-width-fluid-layout/images/flags/4x3/gn.svg]
[www.lab.westilian.com/westilo-admin/full-width-fluid-layout/images/flags/1x1/gn.svg]
[www.lab.westilian.com/westilo-admin/full-width-fluid-layout/images/flags/4x3/gp.svg]
[www.lab.westilian.com/westilo-admin/full-width-fluid-layout/images/flags/1x1/gp.svg]
[www.lab.westilian.com/westilo-admin/full-width-fluid-layout/images/flags/4x3/gq.svg]
[www.lab.westilian.com/westilo-admin/full-width-fluid-layout/images/flags/1x1/gq.svg]
[www.lab.westilian.com/westilo-admin/full-width-fluid-layout/images/flags/4x3/gr.svg]
[www.lab.westilian.com/westilo-admin/full-width-fluid-layout/images/flags/1x1/gr.svg]
[www.lab.westilian.com/westilo-admin/full-width-fluid-layout/images/flags/4x3/gs.svg]
[www.lab.westilian.com/westilo-admin/full-width-fluid-layout/images/flags/1x1/gs.svg]
[www.lab.westilian.com/westilo-admin/full-width-fluid-layout/images/flags/4x3/gt.svg]
[www.lab.westilian.com/westilo-admin/full-width-fluid-layout/images/flags/1x1/gt.svg]
[www.lab.westilian.com/westilo-admin/full-width-fluid-layout/images/flags/4x3/gu.svg]
[www.lab.westilian.com/westilo-admin/full-width-fluid-layout/images/flags/1x1/gu.svg]
[www.lab.westilian.com/westilo-admin/full-width-fluid-layout/images/flags/4x3/gw.svg]
[www.lab.westilian.com/westilo-admin/full-width-fluid-layout/images/flags/1x1/gw.svg]
[www.lab.westilian.com/westilo-admin/full-width-fluid-layout/images/flags/4x3/gy.svg]
[www.lab.westilian.com/westilo-admin/full-width-fluid-layout/images/flags/1x1/gy.svg]
[www.lab.westilian.com/westilo-admin/full-width-fluid-layout/images/flags/4x3/hk.svg]
[www.lab.westilian.com/westilo-admin/full-width-fluid-layout/images/flags/1x1/hk.svg]
[www.lab.westilian.com/westilo-admin/full-width-fluid-layout/images/flags/4x3/hm.svg]
[www.lab.westilian.com/westilo-admin/full-width-fluid-layout/images/flags/1x1/hm.svg]
[www.lab.westilian.com/westilo-admin/full-width-fluid-layout/images/flags/4x3/hn.svg]
[www.lab.westilian.com/westilo-admin/full-width-fluid-layout/images/flags/1x1/hn.svg]
[www.lab.westilian.com/westilo-admin/full-width-fluid-layout/images/flags/4x3/hr.svg]
[www.lab.westilian.com/westilo-admin/full-width-fluid-layout/images/flags/1x1/hr.svg]
[www.lab.westilian.com/westilo-admin/full-width-fluid-layout/images/flags/4x3/ht.svg]
[www.lab.westilian.com/westilo-admin/full-width-fluid-layout/images/flags/1x1/ht.svg]
[www.lab.westilian.com/westilo-admin/full-width-fluid-layout/images/flags/4x3/hu.svg]
[www.lab.westilian.com/westilo-admin/full-width-fluid-layout/images/flags/1x1/hu.svg]
[www.lab.westilian.com/westilo-admin/full-width-fluid-layout/images/flags/4x3/id.svg]
[www.lab.westilian.com/westilo-admin/full-width-fluid-layout/images/flags/1x1/id.svg]
[www.lab.westilian.com/westilo-admin/full-width-fluid-layout/images/flags/4x3/ie.svg]
[www.lab.westilian.com/westilo-admin/full-width-fluid-layout/images/flags/1x1/ie.svg]
[www.lab.westilian.com/westilo-admin/full-width-fluid-layout/images/flags/4x3/il.svg]
[www.lab.westilian.com/westilo-admin/full-width-fluid-layout/images/flags/1x1/il.svg]
[www.lab.westilian.com/westilo-admin/full-width-fluid-layout/images/flags/4x3/im.svg]
[www.lab.westilian.com/westilo-admin/full-width-fluid-layout/images/flags/1x1/im.svg]
[www.lab.westilian.com/westilo-admin/full-width-fluid-layout/images/flags/4x3/in.svg]
[www.lab.westilian.com/westilo-admin/full-width-fluid-layout/images/flags/1x1/in.svg]
[www.lab.westilian.com/westilo-admin/full-width-fluid-layout/images/flags/4x3/io.svg]
[www.lab.westilian.com/westilo-admin/full-width-fluid-layout/images/flags/1x1/io.svg]
[www.lab.westilian.com/westilo-admin/full-width-fluid-layout/images/flags/4x3/iq.svg]
[www.lab.westilian.com/westilo-admin/full-width-fluid-layout/images/flags/1x1/iq.svg]
[www.lab.westilian.com/westilo-admin/full-width-fluid-layout/images/flags/4x3/ir.svg]
[www.lab.westilian.com/westilo-admin/full-width-fluid-layout/images/flags/1x1/ir.svg]
[www.lab.westilian.com/westilo-admin/full-width-fluid-layout/images/flags/4x3/is.svg]
[www.lab.westilian.com/westilo-admin/full-width-fluid-layout/images/flags/1x1/is.svg]
[www.lab.westilian.com/westilo-admin/full-width-fluid-layout/images/flags/4x3/it.svg]
[www.lab.westilian.com/westilo-admin/full-width-fluid-layout/images/flags/1x1/it.svg]
[www.lab.westilian.com/westilo-admin/full-width-fluid-layout/images/flags/4x3/je.svg]
[www.lab.westilian.com/westilo-admin/full-width-fluid-layout/images/flags/1x1/je.svg]
[www.lab.westilian.com/westilo-admin/full-width-fluid-layout/images/flags/4x3/jm.svg]
[www.lab.westilian.com/westilo-admin/full-width-fluid-layout/images/flags/1x1/jm.svg]
[www.lab.westilian.com/westilo-admin/full-width-fluid-layout/images/flags/4x3/jo.svg]
[www.lab.westilian.com/westilo-admin/full-width-fluid-layout/images/flags/1x1/jo.svg]
[www.lab.westilian.com/westilo-admin/full-width-fluid-layout/images/flags/4x3/jp.svg]
[www.lab.westilian.com/westilo-admin/full-width-fluid-layout/images/flags/1x1/jp.svg]
[www.lab.westilian.com/westilo-admin/full-width-fluid-layout/images/flags/4x3/ke.svg]
[www.lab.westilian.com/westilo-admin/full-width-fluid-layout/images/flags/1x1/ke.svg]
[www.lab.westilian.com/westilo-admin/full-width-fluid-layout/images/flags/4x3/kg.svg]
[www.lab.westilian.com/westilo-admin/full-width-fluid-layout/images/flags/1x1/kg.svg]
[www.lab.westilian.com/westilo-admin/full-width-fluid-layout/images/flags/4x3/kh.svg]
[www.lab.westilian.com/westilo-admin/full-width-fluid-layout/images/flags/1x1/kh.svg]
[www.lab.westilian.com/westilo-admin/full-width-fluid-layout/images/flags/4x3/ki.svg]
[www.lab.westilian.com/westilo-admin/full-width-fluid-layout/images/flags/1x1/ki.svg]
[www.lab.westilian.com/westilo-admin/full-width-fluid-layout/images/flags/4x3/km.svg]
[www.lab.westilian.com/westilo-admin/full-width-fluid-layout/images/flags/1x1/km.svg]
[www.lab.westilian.com/westilo-admin/full-width-fluid-layout/images/flags/4x3/kn.svg]
[www.lab.westilian.com/westilo-admin/full-width-fluid-layout/images/flags/1x1/kn.svg]
[www.lab.westilian.com/westilo-admin/full-width-fluid-layout/images/flags/4x3/kp.svg]
[www.lab.westilian.com/westilo-admin/full-width-fluid-layout/images/flags/1x1/kp.svg]
[www.lab.westilian.com/westilo-admin/full-width-fluid-layout/images/flags/4x3/kr.svg]
[www.lab.westilian.com/westilo-admin/full-width-fluid-layout/images/flags/1x1/kr.svg]
[www.lab.westilian.com/westilo-admin/full-width-fluid-layout/images/flags/4x3/kw.svg]
[www.lab.westilian.com/westilo-admin/full-width-fluid-layout/images/flags/1x1/kw.svg]
[www.lab.westilian.com/westilo-admin/full-width-fluid-layout/images/flags/4x3/ky.svg]
[www.lab.westilian.com/westilo-admin/full-width-fluid-layout/images/flags/1x1/ky.svg]
[www.lab.westilian.com/westilo-admin/full-width-fluid-layout/images/flags/4x3/kz.svg]
[www.lab.westilian.com/westilo-admin/full-width-fluid-layout/images/flags/1x1/kz.svg]
[www.lab.westilian.com/westilo-admin/full-width-fluid-layout/images/flags/4x3/la.svg]
[www.lab.westilian.com/westilo-admin/full-width-fluid-layout/images/flags/1x1/la.svg]
[www.lab.westilian.com/westilo-admin/full-width-fluid-layout/images/flags/4x3/lb.svg]
[www.lab.westilian.com/westilo-admin/full-width-fluid-layout/images/flags/1x1/lb.svg]
[www.lab.westilian.com/westilo-admin/full-width-fluid-layout/images/flags/4x3/lc.svg]
[www.lab.westilian.com/westilo-admin/full-width-fluid-layout/images/flags/1x1/lc.svg]
[www.lab.westilian.com/westilo-admin/full-width-fluid-layout/images/flags/4x3/li.svg]
[www.lab.westilian.com/westilo-admin/full-width-fluid-layout/images/flags/1x1/li.svg]
[www.lab.westilian.com/westilo-admin/full-width-fluid-layout/images/flags/4x3/lk.svg]
[www.lab.westilian.com/westilo-admin/full-width-fluid-layout/images/flags/1x1/lk.svg]
[www.lab.westilian.com/westilo-admin/full-width-fluid-layout/images/flags/4x3/lr.svg]
[www.lab.westilian.com/westilo-admin/full-width-fluid-layout/images/flags/1x1/lr.svg]
[sodipodi.sourceforge.net/DTD/sodipodi-0.10.delayed]
[www.lab.westilian.com/westilo-admin/full-width-fluid-layout/images/flags/4x3/ls.svg]
[www.lab.westilian.com/westilo-admin/full-width-fluid-layout/images/flags/1x1/ls.svg]
[www.lab.westilian.com/westilo-admin/full-width-fluid-layout/images/flags/4x3/lt.svg]
[www.lab.westilian.com/westilo-admin/full-width-fluid-layout/images/flags/1x1/lt.svg]
[www.lab.westilian.com/westilo-admin/full-width-fluid-layout/images/flags/4x3/lu.svg]
[www.lab.westilian.com/westilo-admin/full-width-fluid-layout/images/flags/1x1/lu.svg]
[www.lab.westilian.com/westilo-admin/full-width-fluid-layout/images/flags/4x3/lv.svg]
[www.lab.westilian.com/westilo-admin/full-width-fluid-layout/images/flags/1x1/lv.svg]
[www.lab.westilian.com/westilo-admin/full-width-fluid-layout/images/flags/4x3/ly.svg]
[www.lab.westilian.com/westilo-admin/full-width-fluid-layout/images/flags/1x1/ly.svg]
[www.lab.westilian.com/westilo-admin/full-width-fluid-layout/images/flags/4x3/ma.svg]
[www.lab.westilian.com/westilo-admin/full-width-fluid-layout/images/flags/1x1/ma.svg]
[www.lab.westilian.com/westilo-admin/full-width-fluid-layout/images/icheck-minimal/minimal@2x.png]
[www.lab.westilian.com/westilo-admin/full-width-fluid-layout/images/flags/4x3/mc.svg]
[www.lab.westilian.com/westilo-admin/full-width-fluid-layout/images/flags/1x1/mc.svg]
[www.lab.westilian.com/westilo-admin/full-width-fluid-layout/images/icheck-minimal/minimal.html]
[www.lab.westilian.com/westilo-admin/full-width-fluid-layout/images/flags/4x3/md.svg]
[www.lab.westilian.com/westilo-admin/full-width-fluid-layout/images/icheck-minimal/green.png]
[www.lab.westilian.com/westilo-admin/full-width-fluid-layout/images/icheck-minimal/red.html]
[www.lab.westilian.com/westilo-admin/full-width-fluid-layout/images/icheck-minimal/red@2x.html]
[www.lab.westilian.com/westilo-admin/full-width-fluid-layout/images/flags/1x1/md.svg]
[www.lab.westilian.com/westilo-admin/full-width-fluid-layout/images/flags/4x3/me.svg]
[www.lab.westilian.com/westilo-admin/full-width-fluid-layout/images/flags/1x1/me.svg]
[www.lab.westilian.com/westilo-admin/full-width-fluid-layout/images/icheck-minimal/green@2x.html]
[www.lab.westilian.com/westilo-admin/full-width-fluid-layout/images/flags/4x3/mf.svg]
[www.lab.westilian.com/westilo-admin/full-width-fluid-layout/images/icheck-minimal/blue@2x.png]
[www.lab.westilian.com/westilo-admin/full-width-fluid-layout/images/icheck-minimal/blue.html]
[www.lab.westilian.com/westilo-admin/full-width-fluid-layout/images/icheck-minimal/aero.html]
[www.lab.westilian.com/westilo-admin/full-width-fluid-layout/images/flags/1x1/mf.svg]
[www.lab.westilian.com/westilo-admin/full-width-fluid-layout/images/flags/4x3/mg.svg]
[www.lab.westilian.com/westilo-admin/full-width-fluid-layout/images/flags/1x1/mg.svg]
[www.lab.westilian.com/westilo-admin/full-width-fluid-layout/images/icheck-minimal/grey@2x.png]
[www.lab.westilian.com/westilo-admin/full-width-fluid-layout/images/icheck-minimal/aero@2x.html]
[www.lab.westilian.com/westilo-admin/full-width-fluid-layout/images/flags/4x3/mh.svg]
[www.lab.westilian.com/westilo-admin/full-width-fluid-layout/images/icheck-minimal/grey.html]
[www.lab.westilian.com/westilo-admin/full-width-fluid-layout/images/icheck-minimal/orange.html]
[www.lab.westilian.com/westilo-admin/full-width-fluid-layout/images/flags/1x1/mh.svg]
[www.lab.westilian.com/westilo-admin/full-width-fluid-layout/images/flags/4x3/mk.svg]
[www.lab.westilian.com/westilo-admin/full-width-fluid-layout/images/icheck-minimal/orange@2x.png]
[www.lab.westilian.com/westilo-admin/full-width-fluid-layout/images/icheck-minimal/yellow.html]
[www.lab.westilian.com/westilo-admin/full-width-fluid-layout/images/flags/1x1/mk.svg]
[www.lab.westilian.com/westilo-admin/full-width-fluid-layout/images/flags/4x3/ml.svg]
[www.lab.westilian.com/westilo-admin/full-width-fluid-layout/images/icheck-minimal/pink.png]
[www.lab.westilian.com/westilo-admin/full-width-fluid-layout/images/flags/1x1/ml.svg]
[www.lab.westilian.com/westilo-admin/full-width-fluid-layout/images/icheck-minimal/yellow@2x.html]
[www.lab.westilian.com/westilo-admin/full-width-fluid-layout/images/icheck-minimal/purple.png]
[www.lab.westilian.com/westilo-admin/full-width-fluid-layout/images/flags/4x3/mm.svg]
[www.lab.westilian.com/westilo-admin/full-width-fluid-layout/images/flags/1x1/mm.svg]
[www.lab.westilian.com/westilo-admin/full-width-fluid-layout/images/icheck-minimal/pink@2x.html]
[www.lab.westilian.com/westilo-admin/full-width-fluid-layout/images/icheck-minimal/purple@2x.html]
[www.lab.westilian.com/westilo-admin/full-width-fluid-layout/images/flags/4x3/mn.svg]
[www.lab.westilian.com/westilo-admin/full-width-fluid-layout/images/flags/1x1/mn.svg]
[www.lab.westilian.com/westilo-admin/full-width-fluid-layout/images/icheck-square/square.png]
[www.lab.westilian.com/westilo-admin/full-width-fluid-layout/images/flags/4x3/mo.svg]
[www.lab.westilian.com/westilo-admin/full-width-fluid-layout/images/icheck-square/red.html]
[www.lab.westilian.com/westilo-admin/full-width-fluid-layout/images/icheck-square/green.png]
[www.lab.westilian.com/westilo-admin/full-width-fluid-layout/images/flags/1x1/mo.svg]
[www.lab.westilian.com/westilo-admin/full-width-fluid-layout/images/flags/4x3/mp.svg]
[www.lab.westilian.com/westilo-admin/full-width-fluid-layout/images/icheck-square/red@2x.html]
[www.lab.westilian.com/westilo-admin/full-width-fluid-layout/images/flags/1x1/mp.svg]
[www.lab.westilian.com/westilo-admin/full-width-fluid-layout/images/icheck-square/green@2x.html]
[www.lab.westilian.com/westilo-admin/full-width-fluid-layout/images/icheck-square/blue.html]
[www.lab.westilian.com/westilo-admin/full-width-fluid-layout/images/icheck-square/blue@2x.html]
[www.lab.westilian.com/westilo-admin/full-width-fluid-layout/images/flags/4x3/mq.svg]
[www.lab.westilian.com/westilo-admin/full-width-fluid-layout/images/flags/1x1/mq.svg]
[www.lab.westilian.com/westilo-admin/full-width-fluid-layout/images/flags/4x3/mr.svg]
[www.lab.westilian.com/westilo-admin/full-width-fluid-layout/images/icheck-square/aero.png]
[www.lab.westilian.com/westilo-admin/full-width-fluid-layout/images/flags/1x1/mr.svg]
[www.lab.westilian.com/westilo-admin/full-width-fluid-layout/images/icheck-square/grey.png]
[www.lab.westilian.com/westilo-admin/full-width-fluid-layout/images/flags/4x3/ms.svg]
[www.lab.westilian.com/westilo-admin/full-width-fluid-layout/images/icheck-square/aero@2x.html]
[www.lab.westilian.com/westilo-admin/full-width-fluid-layout/images/icheck-square/grey@2x.html]
[www.lab.westilian.com/westilo-admin/full-width-fluid-layout/images/icheck-square/orange.png]
[www.lab.westilian.com/westilo-admin/full-width-fluid-layout/images/flags/1x1/ms.svg]
[www.lab.westilian.com/westilo-admin/full-width-fluid-layout/images/flags/4x3/mt.svg]
[www.lab.westilian.com/westilo-admin/full-width-fluid-layout/images/flags/1x1/mt.svg]
[www.lab.westilian.com/westilo-admin/full-width-fluid-layout/images/icheck-square/orange@2x.html]
[www.lab.westilian.com/westilo-admin/full-width-fluid-layout/images/flags/4x3/mu.svg]
[www.lab.westilian.com/westilo-admin/full-width-fluid-layout/images/icheck-square/yellow.png]
[www.lab.westilian.com/westilo-admin/full-width-fluid-layout/images/flags/1x1/mu.svg]
[www.lab.westilian.com/westilo-admin/full-width-fluid-layout/images/icheck-square/yellow@2x.html]
[www.lab.westilian.com/westilo-admin/full-width-fluid-layout/images/icheck-square/pink@2x.png]
[www.lab.westilian.com/westilo-admin/full-width-fluid-layout/images/icheck-square/pink.html]
[www.lab.westilian.com/westilo-admin/full-width-fluid-layout/images/flags/4x3/mv.svg]
[www.lab.westilian.com/westilo-admin/full-width-fluid-layout/images/flags/1x1/mv.svg]
[www.lab.westilian.com/westilo-admin/full-width-fluid-layout/images/flags/4x3/mw.svg]
[www.lab.westilian.com/westilo-admin/full-width-fluid-layout/images/icheck-square/purple.html]
[www.lab.westilian.com/westilo-admin/full-width-fluid-layout/images/flags/1x1/mw.svg]
[www.lab.westilian.com/westilo-admin/full-width-fluid-layout/images/icheck-square/purple@2x.png]
[www.lab.westilian.com/westilo-admin/full-width-fluid-layout/images/flags/4x3/mx.svg]
[www.lab.westilian.com/westilo-admin/full-width-fluid-layout/images/hue.html]
[www.lab.westilian.com/westilo-admin/full-width-fluid-layout/images/saturation.html]
[www.lab.westilian.com/westilo-admin/full-width-fluid-layout/images/alpha.html]
[www.lab.westilian.com/westilo-admin/full-width-fluid-layout/images/hue-horizontal.png]
[www.lab.westilian.com/westilo-admin/full-width-fluid-layout/images/flags/1x1/mx.svg]
[www.lab.westilian.com/westilo-admin/full-width-fluid-layout/images/flags/4x3/my.svg]
[www.lab.westilian.com/westilo-admin/full-width-fluid-layout/images/collection.html]
[www.lab.westilian.com/westilo-admin/full-width-fluid-layout/images/flags/1x1/my.svg]
[www.lab.westilian.com/westilo-admin/full-width-fluid-layout/images/flags/4x3/mz.svg]
[www.lab.westilian.com/westilo-admin/full-width-fluid-layout/images/alpha-horizontal.html]
[www.lab.westilian.com/westilo-admin/full-width-fluid-layout/images/collection_hover.html]
[www.lab.westilian.com/westilo-admin/full-width-fluid-layout/images/flags/1x1/mz.svg]
[www.lab.westilian.com/westilo-admin/full-width-fluid-layout/images/flags/4x3/na.svg]
[www.lab.westilian.com/westilo-admin/full-width-fluid-layout/fonts/artill_clean_icons-webfont.eot]
[www.lab.westilian.com/westilo-admin/full-width-fluid-layout/images/flags/1x1/na.svg]
[www.lab.westilian.com/westilo-admin/full-width-fluid-layout/fonts/artill_clean_icons-webfont.woff]
[www.lab.westilian.com/westilo-admin/full-width-fluid-layout/fonts/artill_clean_icons-webfontd41d.eot]
[www.lab.westilian.com/westilo-admin/full-width-fluid-layout/fonts/artill_clean_icons-webfont.ttf]
[www.lab.westilian.com/westilo-admin/full-width-fluid-layout/images/flags/4x3/nc.svg]
[www.lab.westilian.com/westilo-admin/full-width-fluid-layout/images/flags/1x1/nc.svg]
[www.lab.westilian.com/westilo-admin/full-width-fluid-layout/images/flags/4x3/ne.svg]
[www.lab.westilian.com/westilo-admin/full-width-fluid-layout/images/flags/1x1/ne.svg]
[www.lab.westilian.com/westilo-admin/full-width-fluid-layout/images/flags/4x3/nf.svg]
[www.lab.westilian.com/westilo-admin/full-width-fluid-layout/images/flags/1x1/nf.svg]
[www.lab.westilian.com/westilo-admin/full-width-fluid-layout/images/flags/4x3/ng.svg]
[www.lab.westilian.com/westilo-admin/full-width-fluid-layout/images/flags/1x1/ng.svg]
[www.lab.westilian.com/westilo-admin/full-width-fluid-layout/images/flags/4x3/ni.svg]
[www.lab.westilian.com/westilo-admin/full-width-fluid-layout/images/flags/1x1/ni.svg]
[www.lab.westilian.com/westilo-admin/full-width-fluid-layout/images/flags/4x3/nl.svg]
[www.lab.westilian.com/westilo-admin/full-width-fluid-layout/images/flags/1x1/nl.svg]
[www.lab.westilian.com/westilo-admin/full-width-fluid-layout/images/flags/4x3/no.svg]
[www.lab.westilian.com/westilo-admin/full-width-fluid-layout/images/flags/1x1/no.svg]
[www.lab.westilian.com/westilo-admin/full-width-fluid-layout/images/flags/4x3/np.svg]
[www.lab.westilian.com/westilo-admin/full-width-fluid-layout/images/flags/1x1/np.svg]
[www.lab.westilian.com/westilo-admin/full-width-fluid-layout/images/flags/4x3/nr.svg]
[www.lab.westilian.com/westilo-admin/full-width-fluid-layout/images/flags/1x1/nr.svg]
[www.lab.westilian.com/westilo-admin/full-width-fluid-layout/images/flags/4x3/nu.svg]
[www.lab.westilian.com/westilo-admin/full-width-fluid-layout/images/flags/1x1/nu.svg]
[www.lab.westilian.com/westilo-admin/full-width-fluid-layout/images/flags/4x3/nz.svg]
[www.lab.westilian.com/westilo-admin/full-width-fluid-layout/images/flags/1x1/nz.svg]
[www.lab.westilian.com/westilo-admin/full-width-fluid-layout/images/flags/4x3/om.svg]
[www.lab.westilian.com/westilo-admin/full-width-fluid-layout/images/flags/1x1/om.svg]
[www.lab.westilian.com/westilo-admin/full-width-fluid-layout/images/flags/4x3/pa.svg]
[www.lab.westilian.com/westilo-admin/full-width-fluid-layout/images/flags/1x1/pa.svg]
[www.lab.westilian.com/westilo-admin/full-width-fluid-layout/images/flags/4x3/pe.svg]
[www.lab.westilian.com/westilo-admin/full-width-fluid-layout/images/flags/1x1/pe.svg]
[www.lab.westilian.com/westilo-admin/full-width-fluid-layout/images/flags/4x3/pf.svg]
[www.lab.westilian.com/westilo-admin/full-width-fluid-layout/images/flags/1x1/pf.svg]
[www.lab.westilian.com/westilo-admin/full-width-fluid-layout/images/flags/4x3/pg.svg]
[www.lab.westilian.com/westilo-admin/full-width-fluid-layout/images/flags/1x1/pg.svg]
[www.lab.westilian.com/westilo-admin/full-width-fluid-layout/images/flags/4x3/ph.svg]
[www.lab.westilian.com/westilo-admin/full-width-fluid-layout/images/flags/1x1/ph.svg]
[www.lab.westilian.com/westilo-admin/full-width-fluid-layout/images/flags/4x3/pk.svg]
[www.lab.westilian.com/westilo-admin/full-width-fluid-layout/images/flags/1x1/pk.svg]
[www.lab.westilian.com/westilo-admin/full-width-fluid-layout/images/flags/4x3/pl.svg]
[www.lab.westilian.com/westilo-admin/full-width-fluid-layout/images/flags/1x1/pl.svg]
[www.lab.westilian.com/westilo-admin/full-width-fluid-layout/images/flags/4x3/pm.svg]
[www.lab.westilian.com/westilo-admin/full-width-fluid-layout/images/flags/1x1/pm.svg]
[www.lab.westilian.com/westilo-admin/full-width-fluid-layout/images/flags/4x3/pn.svg]
[www.lab.westilian.com/westilo-admin/full-width-fluid-layout/images/flags/1x1/pn.svg]
[www.lab.westilian.com/westilo-admin/full-width-fluid-layout/images/flags/4x3/pr.svg]
[www.lab.westilian.com/westilo-admin/full-width-fluid-layout/images/flags/1x1/pr.svg]
[www.lab.westilian.com/westilo-admin/full-width-fluid-layout/images/flags/4x3/ps.svg]
[www.lab.westilian.com/westilo-admin/full-width-fluid-layout/images/flags/1x1/ps.svg]
[www.lab.westilian.com/westilo-admin/full-width-fluid-layout/images/flags/4x3/pt.svg]
[www.lab.westilian.com/westilo-admin/full-width-fluid-layout/images/flags/1x1/pt.svg]
[www.lab.westilian.com/westilo-admin/full-width-fluid-layout/images/flags/4x3/pw.svg]
[www.lab.westilian.com/westilo-admin/full-width-fluid-layout/images/flags/1x1/pw.svg]
[www.lab.westilian.com/westilo-admin/full-width-fluid-layout/images/flags/4x3/py.svg]
[www.lab.westilian.com/westilo-admin/full-width-fluid-layout/images/flags/1x1/py.svg]
[www.lab.westilian.com/westilo-admin/full-width-fluid-layout/images/flags/4x3/qa.svg]
[www.lab.westilian.com/westilo-admin/full-width-fluid-layout/images/flags/1x1/qa.svg]
[www.lab.westilian.com/westilo-admin/full-width-fluid-layout/images/flags/4x3/re.svg]
[www.lab.westilian.com/westilo-admin/full-width-fluid-layout/images/flags/1x1/re.svg]
[www.lab.westilian.com/westilo-admin/full-width-fluid-layout/images/flags/4x3/ro.svg]
[www.lab.westilian.com/westilo-admin/full-width-fluid-layout/images/flags/1x1/ro.svg]
[www.lab.westilian.com/westilo-admin/full-width-fluid-layout/images/flags/4x3/rs.svg]
[www.lab.westilian.com/westilo-admin/full-width-fluid-layout/images/flags/1x1/rs.svg]
[www.lab.westilian.com/westilo-admin/full-width-fluid-layout/images/flags/4x3/ru.svg]
[www.lab.westilian.com/westilo-admin/full-width-fluid-layout/images/flags/1x1/ru.svg]
[www.lab.westilian.com/westilo-admin/full-width-fluid-layout/images/flags/4x3/rw.svg]
[www.lab.westilian.com/westilo-admin/full-width-fluid-layout/images/flags/1x1/rw.svg]
[www.lab.westilian.com/westilo-admin/full-width-fluid-layout/images/flags/4x3/sa.svg]
[www.lab.westilian.com/westilo-admin/full-width-fluid-layout/images/flags/1x1/sa.svg]
[www.lab.westilian.com/westilo-admin/full-width-fluid-layout/images/flags/4x3/sb.svg]
[www.lab.westilian.com/westilo-admin/full-width-fluid-layout/images/flags/1x1/sb.svg]
[www.lab.westilian.com/westilo-admin/full-width-fluid-layout/images/flags/4x3/sc.svg]
[www.lab.westilian.com/westilo-admin/full-width-fluid-layout/images/flags/1x1/sc.svg]
[www.lab.westilian.com/westilo-admin/full-width-fluid-layout/images/flags/4x3/sd.svg]
[www.lab.westilian.com/westilo-admin/full-width-fluid-layout/images/flags/1x1/sd.svg]
[www.lab.westilian.com/westilo-admin/full-width-fluid-layout/images/flags/4x3/se.svg]
[www.lab.westilian.com/westilo-admin/full-width-fluid-layout/images/flags/1x1/se.svg]
[www.lab.westilian.com/westilo-admin/full-width-fluid-layout/images/flags/4x3/sg.svg]
[www.lab.westilian.com/westilo-admin/full-width-fluid-layout/images/flags/1x1/sg.svg]
[www.lab.westilian.com/westilo-admin/full-width-fluid-layout/images/flags/4x3/sh.svg]
[www.lab.westilian.com/westilo-admin/full-width-fluid-layout/images/flags/1x1/sh.svg]
[www.lab.westilian.com/westilo-admin/full-width-fluid-layout/images/flags/4x3/si.svg]
[www.lab.westilian.com/westilo-admin/full-width-fluid-layout/images/flags/1x1/si.svg]
[www.lab.westilian.com/westilo-admin/full-width-fluid-layout/images/flags/4x3/sj.svg]
[www.lab.westilian.com/westilo-admin/full-width-fluid-layout/images/flags/1x1/sj.svg]
[www.lab.westilian.com/westilo-admin/full-width-fluid-layout/images/flags/4x3/sk.svg]
[www.lab.westilian.com/westilo-admin/full-width-fluid-layout/images/flags/1x1/sk.svg]
[www.lab.westilian.com/westilo-admin/full-width-fluid-layout/images/flags/4x3/sl.svg]
[www.lab.westilian.com/westilo-admin/full-width-fluid-layout/images/flags/1x1/sl.svg]
[www.lab.westilian.com/westilo-admin/full-width-fluid-layout/images/flags/4x3/sm.svg]
[www.lab.westilian.com/westilo-admin/full-width-fluid-layout/images/flags/1x1/sm.svg]
[www.lab.westilian.com/westilo-admin/full-width-fluid-layout/images/flags/4x3/sn.svg]
[www.lab.westilian.com/westilo-admin/full-width-fluid-layout/images/flags/1x1/sn.svg]
[www.lab.westilian.com/westilo-admin/full-width-fluid-layout/images/flags/4x3/so.svg]
[www.lab.westilian.com/westilo-admin/full-width-fluid-layout/images/flags/1x1/so.svg]
[www.lab.westilian.com/westilo-admin/full-width-fluid-layout/images/flags/4x3/sr.svg]
[www.lab.westilian.com/westilo-admin/full-width-fluid-layout/images/flags/1x1/sr.svg]
[www.lab.westilian.com/westilo-admin/full-width-fluid-layout/images/flags/4x3/ss.svg]
[www.lab.westilian.com/westilo-admin/full-width-fluid-layout/images/flags/1x1/ss.svg]
[www.lab.westilian.com/westilo-admin/full-width-fluid-layout/images/flags/4x3/st.svg]
[www.lab.westilian.com/westilo-admin/full-width-fluid-layout/images/flags/1x1/st.svg]
[www.lab.westilian.com/westilo-admin/full-width-fluid-layout/images/flags/4x3/sv.svg]
[www.lab.westilian.com/westilo-admin/full-width-fluid-layout/images/flags/1x1/sv.svg]
[www.lab.westilian.com/westilo-admin/full-width-fluid-layout/images/flags/4x3/sx.svg]
[www.lab.westilian.com/westilo-admin/full-width-fluid-layout/images/flags/1x1/sx.svg]
[www.lab.westilian.com/westilo-admin/full-width-fluid-layout/images/flags/4x3/sy.svg]
[www.lab.westilian.com/westilo-admin/full-width-fluid-layout/images/flags/1x1/sy.svg]
[www.lab.westilian.com/westilo-admin/full-width-fluid-layout/images/flags/4x3/sz.svg]
[www.lab.westilian.com/westilo-admin/full-width-fluid-layout/images/flags/1x1/sz.svg]
[www.lab.westilian.com/westilo-admin/full-width-fluid-layout/images/flags/4x3/tc.svg]
[www.lab.westilian.com/westilo-admin/full-width-fluid-layout/images/flags/1x1/tc.svg]
[www.lab.westilian.com/westilo-admin/full-width-fluid-layout/images/flags/4x3/td.svg]
[www.lab.westilian.com/westilo-admin/full-width-fluid-layout/images/flags/1x1/td.svg]
[www.lab.westilian.com/westilo-admin/full-width-fluid-layout/images/flags/4x3/tf.svg]
[www.lab.westilian.com/westilo-admin/full-width-fluid-layout/images/flags/1x1/tf.svg]
[www.lab.westilian.com/westilo-admin/full-width-fluid-layout/images/flags/4x3/tg.svg]
[www.lab.westilian.com/westilo-admin/full-width-fluid-layout/images/flags/1x1/tg.svg]
[www.lab.westilian.com/westilo-admin/full-width-fluid-layout/images/flags/4x3/th.svg]
[www.lab.westilian.com/westilo-admin/full-width-fluid-layout/images/flags/1x1/th.svg]
[www.lab.westilian.com/westilo-admin/full-width-fluid-layout/images/flags/4x3/tj.svg]
[www.lab.westilian.com/westilo-admin/full-width-fluid-layout/images/flags/1x1/tj.svg]
[www.lab.westilian.com/westilo-admin/full-width-fluid-layout/images/flags/4x3/tk.svg]
[www.lab.westilian.com/westilo-admin/full-width-fluid-layout/images/flags/1x1/tk.svg]
[www.lab.westilian.com/westilo-admin/full-width-fluid-layout/images/flags/4x3/tl.svg]
[www.lab.westilian.com/westilo-admin/full-width-fluid-layout/images/flags/1x1/tl.svg]
[www.lab.westilian.com/westilo-admin/full-width-fluid-layout/images/flags/4x3/tm.svg]
[www.lab.westilian.com/westilo-admin/full-width-fluid-layout/images/flags/1x1/tm.svg]
[www.lab.westilian.com/westilo-admin/full-width-fluid-layout/images/flags/4x3/tn.svg]
[www.lab.westilian.com/westilo-admin/full-width-fluid-layout/images/flags/1x1/tn.svg]
[www.lab.westilian.com/westilo-admin/full-width-fluid-layout/images/flags/4x3/to.svg]
[www.lab.westilian.com/westilo-admin/full-width-fluid-layout/images/flags/1x1/to.svg]
[www.lab.westilian.com/westilo-admin/full-width-fluid-layout/images/flags/4x3/tr.svg]
[www.lab.westilian.com/westilo-admin/full-width-fluid-layout/images/flags/1x1/tr.svg]
[www.lab.westilian.com/westilo-admin/full-width-fluid-layout/images/flags/4x3/tt.svg]
[www.lab.westilian.com/westilo-admin/full-width-fluid-layout/images/flags/1x1/tt.svg]
[www.lab.westilian.com/westilo-admin/full-width-fluid-layout/images/flags/4x3/tv.svg]
[www.lab.westilian.com/westilo-admin/full-width-fluid-layout/images/flags/1x1/tv.svg]
[www.lab.westilian.com/westilo-admin/full-width-fluid-layout/images/flags/4x3/tw.svg]
[www.lab.westilian.com/westilo-admin/full-width-fluid-layout/images/flags/1x1/tw.svg]
[www.lab.westilian.com/westilo-admin/full-width-fluid-layout/images/flags/4x3/tz.svg]
[www.lab.westilian.com/westilo-admin/full-width-fluid-layout/images/flags/1x1/tz.svg]
[www.lab.westilian.com/westilo-admin/full-width-fluid-layout/images/flags/4x3/ua.svg]
[www.lab.westilian.com/westilo-admin/full-width-fluid-layout/images/flags/1x1/ua.svg]
[www.lab.westilian.com/westilo-admin/full-width-fluid-layout/images/flags/4x3/ug.svg]
[www.lab.westilian.com/westilo-admin/full-width-fluid-layout/images/flags/1x1/ug.svg]
[www.lab.westilian.com/westilo-admin/full-width-fluid-layout/images/flags/4x3/um.svg]
[www.lab.westilian.com/westilo-admin/full-width-fluid-layout/images/flags/1x1/um.svg]
[www.lab.westilian.com/westilo-admin/full-width-fluid-layout/images/flags/4x3/us.svg]
[www.lab.westilian.com/westilo-admin/full-width-fluid-layout/images/flags/1x1/us.svg]
[www.lab.westilian.com/westilo-admin/full-width-fluid-layout/images/flags/4x3/uy.svg]
[www.lab.westilian.com/westilo-admin/full-width-fluid-layout/images/flags/1x1/uy.svg]
[www.lab.westilian.com/westilo-admin/full-width-fluid-layout/images/flags/4x3/uz.svg]
[www.lab.westilian.com/westilo-admin/full-width-fluid-layout/images/flags/1x1/uz.svg]
[www.lab.westilian.com/westilo-admin/full-width-fluid-layout/images/flags/4x3/va.svg]
[www.lab.westilian.com/westilo-admin/full-width-fluid-layout/images/flags/1x1/va.svg]
[www.lab.westilian.com/westilo-admin/full-width-fluid-layout/images/flags/4x3/vc.svg]
[www.lab.westilian.com/westilo-admin/full-width-fluid-layout/images/flags/1x1/vc.svg]
[www.lab.westilian.com/westilo-admin/full-width-fluid-layout/images/flags/4x3/ve.svg]
[www.lab.westilian.com/westilo-admin/full-width-fluid-layout/images/flags/1x1/ve.svg]
[www.lab.westilian.com/westilo-admin/full-width-fluid-layout/images/flags/4x3/vg.svg]
[www.lab.westilian.com/westilo-admin/full-width-fluid-layout/images/flags/1x1/vg.svg]
[www.lab.westilian.com/westilo-admin/full-width-fluid-layout/images/flags/4x3/vi.svg]
[www.lab.westilian.com/westilo-admin/full-width-fluid-layout/images/flags/1x1/vi.svg]
[www.lab.westilian.com/westilo-admin/full-width-fluid-layout/images/flags/4x3/vn.svg]
[www.lab.westilian.com/westilo-admin/full-width-fluid-layout/images/flags/1x1/vn.svg]
[www.lab.westilian.com/westilo-admin/full-width-fluid-layout/images/flags/4x3/vu.svg]
[www.lab.westilian.com/westilo-admin/full-width-fluid-layout/images/flags/1x1/vu.svg]
[www.lab.westilian.com/westilo-admin/full-width-fluid-layout/images/flags/4x3/wf.svg]
[www.lab.westilian.com/westilo-admin/full-width-fluid-layout/images/flags/1x1/wf.svg]
[www.lab.westilian.com/westilo-admin/full-width-fluid-layout/images/flags/4x3/ws.svg]
[www.lab.westilian.com/westilo-admin/full-width-fluid-layout/images/flags/1x1/ws.svg]
[www.lab.westilian.com/westilo-admin/full-width-fluid-layout/images/flags/4x3/ye.svg]
[www.lab.westilian.com/westilo-admin/full-width-fluid-layout/images/flags/1x1/ye.svg]
[www.lab.westilian.com/westilo-admin/full-width-fluid-layout/images/flags/4x3/yt.svg]
[www.lab.westilian.com/westilo-admin/full-width-fluid-layout/images/flags/1x1/yt.svg]
[www.lab.westilian.com/westilo-admin/full-width-fluid-layout/images/flags/4x3/za.svg]
[www.lab.westilian.com/westilo-admin/full-width-fluid-layout/images/flags/1x1/za.svg]
[www.lab.westilian.com/westilo-admin/full-width-fluid-layout/images/flags/4x3/zm.svg]
[www.lab.westilian.com/westilo-admin/full-width-fluid-layout/images/flags/1x1/zm.svg]
[www.lab.westilian.com/westilo-admin/full-width-fluid-layout/images/flags/4x3/zw.svg]
[www.lab.westilian.com/westilo-admin/full-width-fluid-layout/images/flags/1x1/zw.svg]
[www.lab.westilian.com/westilo-admin/full-width-fluid-layout/images/collection.html]
[www.lab.westilian.com/westilo-admin/full-width-fluid-layout/images/collection_hover.html]
[www.lab.westilian.com/westilo-admin/full-width-fluid-layout/fonts/artill_clean_icons-webfont.svg]
[www.lab.westilian.com/westilo-admin/full-width-fluid-layout/images/whitey.png]
[www.lab.westilian.com/westilo-admin/full-width-fluid-layout/images/flags/1x1/ae.svg]
[www.lab.westilian.com/westilo-admin/full-width-fluid-layout/images/flags/4x3/af.svg]
[sodipodi.sourceforge.net/DTD/sodipodi-0.html]
